TN:
SF:src/reactive/effect.ts
FN:1,effect
FN:7,<instance_members_initializer>
FN:9,TargetKey
FN:14,run
FN:23,track
FN:38,trigger
FNF:6
FNH:1
FNDA:0,effect
FNDA:0,<instance_members_initializer>
FNDA:0,TargetKey
FNDA:0,run
FNDA:1,track
FNDA:0,trigger
DA:1,1
DA:2,0
DA:3,0
DA:4,0
DA:5,1
DA:6,1
DA:7,1
DA:8,1
DA:9,1
DA:10,0
DA:11,0
DA:12,0
DA:13,1
DA:14,1
DA:15,0
DA:16,0
DA:17,1
DA:18,1
DA:19,1
DA:20,1
DA:21,1
DA:22,1
DA:23,1
DA:24,1
DA:25,1
DA:26,1
DA:27,1
DA:28,1
DA:29,1
DA:30,1
DA:31,1
DA:32,1
DA:33,1
DA:34,1
DA:35,1
DA:36,1
DA:37,1
DA:38,1
DA:39,0
DA:40,0
LF:40
LH:30
BRDA:7,0,0,0
BRDA:23,1,0,1
BRF:2
BRH:1
end_of_record
TN:
SF:src/reactive/reactive.ts
FN:3,reactive
FN:5,get
FN:13,set
FNF:3
FNH:2
FNDA:1,reactive
FNDA:1,get
FNDA:0,set
DA:1,1
DA:2,1
DA:3,1
DA:4,1
DA:5,1
DA:6,1
DA:7,1
DA:8,1
DA:9,1
DA:10,1
DA:11,1
DA:12,1
DA:13,1
DA:14,0
DA:15,0
DA:16,0
DA:17,0
DA:18,0
DA:19,0
DA:20,0
DA:21,1
DA:22,1
LF:22
LH:15
BRDA:3,0,0,1
BRDA:5,1,0,1
BRF:2
BRH:2
end_of_record
