TN:
SF:src/reactive/effect.ts
FN:8,<instance_members_initializer>
FN:10,_fn
FN:13,ActiveEffect
FN:17,run
FN:22,stop
FN:30,effect
FN:44,track
FN:67,trigger
FN:82,stop
FNF:9
FNH:8
FNDA:1,<instance_members_initializer>
FNDA:0,_fn
FNDA:1,ActiveEffect
FNDA:3,run
FNDA:1,stop
FNDA:1,effect
FNDA:4,track
FNDA:2,trigger
FNDA:1,stop
DA:1,1
DA:2,1
DA:3,1
DA:4,1
DA:5,1
DA:6,1
DA:7,1
DA:8,1
DA:9,1
DA:10,1
DA:11,1
DA:12,1
DA:13,1
DA:14,1
DA:15,1
DA:16,1
DA:17,1
DA:18,3
DA:19,3
DA:20,3
DA:21,1
DA:22,1
DA:23,1
DA:24,2
DA:25,2
DA:26,1
DA:27,1
DA:28,1
DA:29,1
DA:30,1
DA:31,1
DA:32,1
DA:33,1
DA:34,1
DA:35,1
DA:36,1
DA:37,1
DA:38,1
DA:39,1
DA:40,1
DA:41,1
DA:42,1
DA:43,1
DA:44,1
DA:45,4
DA:46,4
DA:47,4
DA:48,4
DA:49,4
DA:50,1
DA:51,1
DA:52,1
DA:53,4
DA:54,4
DA:55,4
DA:56,4
DA:57,1
DA:58,1
DA:59,1
DA:60,4
DA:61,4
DA:62,4
DA:63,4
DA:64,4
DA:65,1
DA:66,1
DA:67,1
DA:68,2
DA:69,2
DA:70,2
DA:71,2
DA:72,2
DA:73,2
DA:74,0
DA:75,2
DA:76,2
DA:77,2
DA:78,2
DA:79,2
DA:80,1
DA:81,1
DA:82,1
DA:83,1
DA:84,1
LF:84
LH:83
BRDA:8,0,0,1
BRDA:13,1,0,1
BRDA:17,2,0,3
BRDA:22,3,0,1
BRDA:23,4,0,2
BRDA:30,5,0,1
BRDA:44,6,0,4
BRDA:49,7,0,1
BRDA:56,8,0,1
BRDA:67,9,0,2
BRDA:73,10,0,0
BRDA:82,11,0,1
BRF:12
BRH:11
end_of_record
TN:
SF:src/reactive/reactive.ts
FN:3,reactive
FN:5,get
FN:11,set
FNF:3
FNH:3
FNDA:1,reactive
FNDA:4,get
FNDA:2,set
DA:1,1
DA:2,1
DA:3,1
DA:4,1
DA:5,1
DA:6,4
DA:7,4
DA:8,4
DA:9,4
DA:10,4
DA:11,1
DA:12,2
DA:13,2
DA:14,2
DA:15,2
DA:16,2
DA:17,1
DA:18,1
LF:18
LH:18
BRDA:3,0,0,1
BRDA:5,1,0,4
BRDA:11,2,0,2
BRF:3
BRH:3
end_of_record
